Using pre-set license
Built from '2020.3/china_unity/release' branch; Version is '2020.3.2f1c1 (5fdc1e83a2fd) revision 6282270'; Using compiler version '192528614'; Build Type 'Release'
OS: 'Windows 10 Home China; OS build 19042.1348; Version 2009; 64bit' Language: 'zh' Physical Memory: 8049 MB
BatchMode: 1, IsHumanControllingUs: 0, StartBugReporterOnCrash: 0, Is64bit: 1, IsPro: 0

 COMMAND LINE ARGUMENTS:
C:\Program Files\Unity\Hub\Editor\2020.3.2f1c1\Editor\Unity.exe
-adb2
-batchMode
-noUpm
-name
AssetImportWorker0
-projectPath
C:/Users/Eisuki/Desktop/galgame/galgame
-logFile
Logs/AssetImportWorker0.log
-srvPort
5140
Successfully changed project path to: C:/Users/Eisuki/Desktop/galgame/galgame
C:/Users/Eisuki/Desktop/galgame/galgame
Using Asset Import Pipeline V2.
Refreshing native plugins compatible for Editor in 168.56 ms, found 1 plugins.
Preloading 0 native plugins for Editor in 0.00 ms.
Initialize engine version: 2020.3.2f1c1 (5fdc1e83a2fd)
[Subsystems] Discovering subsystems at path C:/Program Files/Unity/Hub/Editor/2020.3.2f1c1/Editor/Data/Resources/UnitySubsystems
[Subsystems] Discovering subsystems at path C:/Users/Eisuki/Desktop/galgame/galgame/Assets
GfxDevice: creating device client; threaded=0
Direct3D:
    Version:  Direct3D 11.0 [level 11.1]
    Renderer: NVIDIA GeForce MX150 (ID=0x1d10)
    Vendor:   
    VRAM:     1983 MB
    Driver:   30.0.14.7212
Initialize mono
Mono path[0] = 'C:/Program Files/Unity/Hub/Editor/2020.3.2f1c1/Editor/Data/Managed'
Mono path[1] = 'C:/Program Files/Unity/Hub/Editor/2020.3.2f1c1/Editor/Data/MonoBleedingEdge/lib/mono/unityjit'
Mono config path = 'C:/Program Files/Unity/Hub/Editor/2020.3.2f1c1/Editor/Data/MonoBleedingEdge/etc'
Using monoOptions --debugger-agent=transport=dt_socket,embedding=1,server=y,suspend=n,address=127.0.0.1:56752
Begin MonoManager ReloadAssembly
Registering precompiled unity dll's ...
Register platform support module: C:/Program Files/Unity/Hub/Editor/2020.3.2f1c1/Editor/Data/PlaybackEngines/WindowsStandaloneSupport/UnityEditor.WindowsStandalone.Extensions.dll
Registered in 0.014997 seconds.
Native extension for WindowsStandalone target not found
Refreshing native plugins compatible for Editor in 66.70 ms, found 1 plugins.
Preloading 0 native plugins for Editor in 0.00 ms.
Invoked RoslynAnalysisRunner static constructor.
RoslynAnalysisRunner will not be running.
RoslynAnalysisRunner has terminated.
Mono: successfully reloaded assembly
- Completed reload, in  6.168 seconds
Platform modules already initialized, skipping
Registering precompiled user dll's ...
Registered in 0.014089 seconds.
Begin MonoManager ReloadAssembly
Native extension for WindowsStandalone target not found
Refreshing native plugins compatible for Editor in 74.14 ms, found 1 plugins.
Preloading 0 native plugins for Editor in 0.00 ms.
Invoked RoslynAnalysisRunner static constructor.
RoslynAnalysisRunner will not be running.
RoslynAnalysisRunner has terminated.
Mono: successfully reloaded assembly
- Completed reload, in  2.039 seconds
Platform modules already initialized, skipping
========================================================================
Worker process is ready to serve import requests
Launched and connected shader compiler UnityShaderCompiler.exe after 0.10 seconds
Refreshing native plugins compatible for Editor in 0.60 ms, found 1 plugins.
Preloading 0 native plugins for Editor in 0.00 ms.
Unloading 2560 Unused Serialized files (Serialized files now loaded: 0)
System memory in use before: 109.3 MB.
System memory in use after: 109.5 MB.

Unloading 26 unused Assets to reduce memory usage. Loaded Objects now: 3004.
Total: 4.454500 ms (FindLiveObjects: 0.606800 ms CreateObjectMapping: 0.281700 ms MarkObjects: 3.443500 ms  DeleteObjects: 0.119600 ms)

========================================================================
Received Import Request.
  path: Assets/Prefabs/titleUI/Calendar.prefab
  artifactKey: Guid(38894d0af12625c4fbe44bad93316450) Importer(815301076,1909f56bfc062723c751e8b465ee728b)
Start importing Assets/Prefabs/titleUI/Calendar.prefab using Guid(38894d0af12625c4fbe44bad93316450) Importer(815301076,1909f56bfc062723c751e8b465ee728b)  -> (artifact id: '4e604a38bf29dd50344ae373a4fe35ed') in 0.220163 seconds
  Import took 0.230714 seconds .

========================================================================
Received Import Request.
  Time since last request: 0.306769 seconds.
  path: Assets/Prefabs/titleUI/Calendar.prefab
  artifactKey: Guid(38894d0af12625c4fbe44bad93316450) Importer(815301076,1909f56bfc062723c751e8b465ee728b)
Start importing Assets/Prefabs/titleUI/Calendar.prefab using Guid(38894d0af12625c4fbe44bad93316450) Importer(815301076,1909f56bfc062723c751e8b465ee728b)  -> (artifact id: '4e604a38bf29dd50344ae373a4fe35ed') in 0.019063 seconds
  Import took 0.025853 seconds .

========================================================================
Received Import Request.
  Time since last request: 56.585926 seconds.
  path: Assets/NaninovelData/EditorResources.asset
  artifactKey: Guid(95293f7ed3fc82544be883cc6caa5c05) Importer(815301076,1909f56bfc062723c751e8b465ee728b)
Start importing Assets/NaninovelData/EditorResources.asset using Guid(95293f7ed3fc82544be883cc6caa5c05) Importer(815301076,1909f56bfc062723c751e8b465ee728b)  -> (artifact id: '100848d27469023288355f31f0c05d5e') in 0.035425 seconds
  Import took 0.049051 seconds .

========================================================================
Received Import Request.
  Time since last request: 7.382657 seconds.
  path: Assets/Animations/HideCalendar.anim
  artifactKey: Guid(af1457be8cd20e84b8202a9407ea0b1b) Importer(815301076,1909f56bfc062723c751e8b465ee728b)
Start importing Assets/Animations/HideCalendar.anim using Guid(af1457be8cd20e84b8202a9407ea0b1b) Importer(815301076,1909f56bfc062723c751e8b465ee728b)  -> (artifact id: '3fb9269b77db466ffba621354be64af6') in 0.025858 seconds
  Import took 0.035620 seconds .

========================================================================
Received Import Request.
  Time since last request: 0.002901 seconds.
  path: Assets/Animations/HideCalendar.anim
  artifactKey: Guid(af1457be8cd20e84b8202a9407ea0b1b) Importer(815301076,1909f56bfc062723c751e8b465ee728b)
Start importing Assets/Animations/HideCalendar.anim using Guid(af1457be8cd20e84b8202a9407ea0b1b) Importer(815301076,1909f56bfc062723c751e8b465ee728b)  -> (artifact id: '3fb9269b77db466ffba621354be64af6') in 0.018229 seconds
  Import took 0.027916 seconds .

========================================================================
Received Import Request.
  Time since last request: 0.721461 seconds.
  path: Assets/Animations/ShowCalendar.anim
  artifactKey: Guid(0f0af5d8b57b2324482993b7185637ba) Importer(815301076,1909f56bfc062723c751e8b465ee728b)
Start importing Assets/Animations/ShowCalendar.anim using Guid(0f0af5d8b57b2324482993b7185637ba) Importer(815301076,1909f56bfc062723c751e8b465ee728b)  -> (artifact id: '22143cc71b00235783391b2bddac689d') in 0.020309 seconds
  Import took 0.030513 seconds .

========================================================================
Received Import Request.
  Time since last request: 8.027372 seconds.
  path: Assets/Animations/Calendar.controller
  artifactKey: Guid(29f0313fc7d761143ba899196d350102) Importer(815301076,1909f56bfc062723c751e8b465ee728b)
Start importing Assets/Animations/Calendar.controller using Guid(29f0313fc7d761143ba899196d350102) Importer(815301076,1909f56bfc062723c751e8b465ee728b)  -> (artifact id: '2e12629139246e1cc45533d908f49f60') in 0.025196 seconds
  Import took 0.033806 seconds .

========================================================================
Received Prepare
Registering precompiled user dll's ...
Registered in 0.016692 seconds.
Begin MonoManager ReloadAssembly
Native extension for WindowsStandalone target not found
Refreshing native plugins compatible for Editor in 0.74 ms, found 1 plugins.
Preloading 0 native plugins for Editor in 0.00 ms.
Invoked RoslynAnalysisRunner static constructor.
RoslynAnalysisRunner will not be running.
RoslynAnalysisRunner has terminated.
Mono: successfully reloaded assembly
- Completed reload, in  1.935 seconds
Platform modules already initialized, skipping
Refreshing native plugins compatible for Editor in 0.67 ms, found 1 plugins.
Preloading 0 native plugins for Editor in 0.00 ms.
Unloading 2539 Unused Serialized files (Serialized files now loaded: 0)
System memory in use before: 108.0 MB.
System memory in use after: 108.2 MB.

Unloading 19 unused Assets to reduce memory usage. Loaded Objects now: 3012.
Total: 4.246200 ms (FindLiveObjects: 1.000400 ms CreateObjectMapping: 0.366900 ms MarkObjects: 2.820600 ms  DeleteObjects: 0.055400 ms)

AssetImportWorkerClient::OnTransportError - code=2 error=End of file
